Jacobi relaxation Calculation: 8192 x 8192 mesh
    0, 0.250000
1.00 1.00 1.00 1.00 1.00 1.00 1.00 1.00 1.00 1.00 
0.00 0.25 0.25 0.25 0.25 0.25 0.25 0.25 0.25 0.25 
0.00 0.00 0.00 0.00 0.00 0.00 0.00 0.00 0.00 0.00 
0.00 0.00 0.00 0.00 0.00 0.00 0.00 0.00 0.00 0.00 
0.00 0.00 0.00 0.00 0.00 0.00 0.00 0.00 0.00 0.00 
0.00 0.00 0.00 0.00 0.00 0.00 0.00 0.00 0.00 0.00 
0.00 0.00 0.00 0.00 0.00 0.00 0.00 0.00 0.00 0.00 
0.00 0.00 0.00 0.00 0.00 0.00 0.00 0.00 0.00 0.00 
0.00 0.00 0.00 0.00 0.00 0.00 0.00 0.00 0.00 0.00 
0.00 0.00 0.00 0.00 0.00 0.00 0.00 0.00 0.00 0.00 
  100, 0.002397
1.00 1.00 1.00 1.00 1.00 1.00 1.00 1.00 1.00 1.00 
0.00 0.49 0.69 0.77 0.82 0.84 0.86 0.87 0.88 0.88 
0.00 0.29 0.48 0.59 0.65 0.70 0.72 0.74 0.75 0.76 
0.00 0.19 0.34 0.45 0.52 0.57 0.60 0.62 0.64 0.65 
0.00 0.14 0.25 0.34 0.41 0.46 0.49 0.52 0.54 0.55 
0.00 0.10 0.19 0.26 0.32 0.37 0.40 0.42 0.44 0.45 
0.00 0.07 0.14 0.20 0.25 0.29 0.32 0.34 0.36 0.37 
0.00 0.06 0.11 0.16 0.20 0.23 0.25 0.27 0.29 0.30 
0.00 0.04 0.08 0.12 0.15 0.18 0.20 0.21 0.23 0.24 
0.00 0.03 0.06 0.09 0.11 0.14 0.15 0.17 0.18 0.19 
  200, 0.001204
1.00 1.00 1.00 1.00 1.00 1.00 1.00 1.00 1.00 1.00 
0.00 0.50 0.69 0.78 0.83 0.86 0.88 0.89 0.90 0.90 
0.00 0.30 0.49 0.60 0.68 0.73 0.76 0.78 0.80 0.81 
0.00 0.20 0.36 0.47 0.55 0.61 0.65 0.68 0.70 0.72 
0.00 0.15 0.27 0.37 0.45 0.51 0.55 0.59 0.61 0.63 
0.00 0.11 0.21 0.30 0.37 0.43 0.47 0.50 0.53 0.55 
0.00 0.09 0.17 0.24 0.31 0.36 0.40 0.43 0.46 0.48 
0.00 0.07 0.14 0.20 0.25 0.30 0.34 0.37 0.39 0.41 
0.00 0.06 0.11 0.16 0.21 0.25 0.28 0.31 0.34 0.35 
0.00 0.05 0.09 0.14 0.17 0.21 0.24 0.26 0.28 0.30 
  300, 0.000804
1.00 1.00 1.00 1.00 1.00 1.00 1.00 1.00 1.00 1.00 
0.00 0.50 0.69 0.78 0.83 0.86 0.88 0.89 0.90 0.91 
0.00 0.30 0.49 0.61 0.69 0.74 0.77 0.79 0.81 0.82 
0.00 0.20 0.36 0.48 0.56 0.62 0.67 0.70 0.72 0.74 
0.00 0.15 0.28 0.39 0.47 0.53 0.58 0.61 0.64 0.66 
0.00 0.12 0.22 0.32 0.39 0.45 0.50 0.54 0.57 0.59 
0.00 0.09 0.18 0.26 0.33 0.38 0.43 0.47 0.50 0.52 
0.00 0.08 0.15 0.22 0.28 0.33 0.37 0.41 0.44 0.46 
0.00 0.06 0.13 0.18 0.24 0.28 0.32 0.35 0.38 0.41 
0.00 0.05 0.11 0.16 0.20 0.24 0.28 0.31 0.33 0.36 
  400, 0.000603
1.00 1.00 1.00 1.00 1.00 1.00 1.00 1.00 1.00 1.00 
0.00 0.50 0.69 0.79 0.84 0.87 0.88 0.90 0.91 0.92 
0.00 0.30 0.49 0.61 0.69 0.74 0.78 0.80 0.82 0.83 
0.00 0.20 0.37 0.49 0.57 0.63 0.68 0.71 0.73 0.75 
0.00 0.15 0.29 0.39 0.48 0.54 0.59 0.63 0.66 0.68 
0.00 0.12 0.23 0.32 0.40 0.46 0.51 0.55 0.58 0.61 
0.00 0.10 0.19 0.27 0.34 0.40 0.45 0.49 0.52 0.55 
0.00 0.08 0.16 0.23 0.29 0.34 0.39 0.43 0.46 0.49 
0.00 0.07 0.13 0.19 0.25 0.30 0.34 0.38 0.41 0.44 
0.00 0.06 0.11 0.17 0.22 0.26 0.30 0.33 0.36 0.39 
  500, 0.000483
1.00 1.00 1.00 1.00 1.00 1.00 1.00 1.00 1.00 1.00 
0.00 0.50 0.70 0.79 0.84 0.87 0.89 0.90 0.91 0.92 
0.00 0.30 0.49 0.62 0.69 0.74 0.78 0.80 0.82 0.84 
0.00 0.21 0.37 0.49 0.57 0.64 0.68 0.72 0.74 0.76 
0.00 0.15 0.29 0.40 0.48 0.55 0.60 0.63 0.67 0.69 
0.00 0.12 0.23 0.33 0.41 0.47 0.52 0.56 0.60 0.62 
0.00 0.10 0.19 0.27 0.35 0.41 0.46 0.50 0.53 0.56 
0.00 0.08 0.16 0.23 0.30 0.35 0.40 0.44 0.48 0.50 
0.00 0.07 0.14 0.20 0.26 0.31 0.35 0.39 0.43 0.45 
0.00 0.06 0.12 0.17 0.22 0.27 0.31 0.35 0.38 0.41 
  600, 0.000403
1.00 1.00 1.00 1.00 1.00 1.00 1.00 1.00 1.00 1.00 
0.00 0.50 0.70 0.79 0.84 0.87 0.89 0.90 0.91 0.92 
0.00 0.30 0.50 0.62 0.69 0.75 0.78 0.81 0.83 0.84 
0.00 0.21 0.37 0.49 0.58 0.64 0.69 0.72 0.75 0.77 
0.00 0.15 0.29 0.40 0.48 0.55 0.60 0.64 0.67 0.70 
0.00 0.12 0.23 0.33 0.41 0.47 0.53 0.57 0.60 0.63 
0.00 0.10 0.19 0.28 0.35 0.41 0.46 0.51 0.54 0.57 
0.00 0.08 0.16 0.24 0.30 0.36 0.41 0.45 0.49 0.52 
0.00 0.07 0.14 0.21 0.26 0.32 0.36 0.40 0.44 0.47 
0.00 0.06 0.12 0.18 0.23 0.28 0.32 0.36 0.39 0.42 
  700, 0.000345
1.00 1.00 1.00 1.00 1.00 1.00 1.00 1.00 1.00 1.00 
0.00 0.50 0.70 0.79 0.84 0.87 0.89 0.90 0.91 0.92 
0.00 0.30 0.50 0.62 0.70 0.75 0.78 0.81 0.83 0.84 
0.00 0.21 0.37 0.49 0.58 0.64 0.69 0.72 0.75 0.77 
0.00 0.15 0.29 0.40 0.49 0.55 0.60 0.64 0.68 0.70 
0.00 0.12 0.24 0.33 0.41 0.48 0.53 0.57 0.61 0.64 
0.00 0.10 0.20 0.28 0.35 0.42 0.47 0.51 0.55 0.58 
0.00 0.08 0.17 0.24 0.31 0.36 0.41 0.46 0.49 0.52 
0.00 0.07 0.14 0.21 0.27 0.32 0.37 0.41 0.45 0.48 
0.00 0.06 0.12 0.18 0.24 0.28 0.33 0.37 0.40 0.43 
  800, 0.000302
1.00 1.00 1.00 1.00 1.00 1.00 1.00 1.00 1.00 1.00 
0.00 0.50 0.70 0.79 0.84 0.87 0.89 0.90 0.91 0.92 
0.00 0.30 0.50 0.62 0.70 0.75 0.78 0.81 0.83 0.85 
0.00 0.21 0.37 0.49 0.58 0.64 0.69 0.72 0.75 0.77 
0.00 0.16 0.29 0.40 0.49 0.55 0.61 0.65 0.68 0.71 
0.00 0.12 0.24 0.33 0.41 0.48 0.53 0.58 0.61 0.64 
0.00 0.10 0.20 0.28 0.36 0.42 0.47 0.52 0.55 0.58 
0.00 0.09 0.17 0.24 0.31 0.37 0.42 0.46 0.50 0.53 
0.00 0.07 0.14 0.21 0.27 0.33 0.37 0.42 0.45 0.48 
0.00 0.06 0.13 0.19 0.24 0.29 0.33 0.37 0.41 0.44 
  900, 0.000269
1.00 1.00 1.00 1.00 1.00 1.00 1.00 1.00 1.00 1.00 
0.00 0.50 0.70 0.79 0.84 0.87 0.89 0.90 0.91 0.92 
0.00 0.30 0.50 0.62 0.70 0.75 0.79 0.81 0.83 0.85 
0.00 0.21 0.37 0.49 0.58 0.64 0.69 0.73 0.75 0.78 
0.00 0.16 0.29 0.40 0.49 0.56 0.61 0.65 0.68 0.71 
0.00 0.12 0.24 0.33 0.42 0.48 0.54 0.58 0.62 0.65 
0.00 0.10 0.20 0.28 0.36 0.42 0.48 0.52 0.56 0.59 
0.00 0.09 0.17 0.24 0.31 0.37 0.42 0.47 0.50 0.54 
0.00 0.07 0.15 0.21 0.27 0.33 0.38 0.42 0.46 0.49 
0.00 0.06 0.13 0.19 0.24 0.29 0.34 0.38 0.41 0.45 
 total: 1.288411 s
Jacobi relaxation Calculation: 16384 x 16384 mesh
    0, 0.250000
1.00 1.00 1.00 1.00 1.00 1.00 1.00 1.00 1.00 1.00 
0.00 0.25 0.25 0.25 0.25 0.25 0.25 0.25 0.25 0.25 
0.00 0.00 0.00 0.00 0.00 0.00 0.00 0.00 0.00 0.00 
0.00 0.00 0.00 0.00 0.00 0.00 0.00 0.00 0.00 0.00 
0.00 0.00 0.00 0.00 0.00 0.00 0.00 0.00 0.00 0.00 
0.00 0.00 0.00 0.00 0.00 0.00 0.00 0.00 0.00 0.00 
0.00 0.00 0.00 0.00 0.00 0.00 0.00 0.00 0.00 0.00 
0.00 0.00 0.00 0.00 0.00 0.00 0.00 0.00 0.00 0.00 
0.00 0.00 0.00 0.00 0.00 0.00 0.00 0.00 0.00 0.00 
0.00 0.00 0.00 0.00 0.00 0.00 0.00 0.00 0.00 0.00 
  100, 0.002397
1.00 1.00 1.00 1.00 1.00 1.00 1.00 1.00 1.00 1.00 
0.00 0.49 0.69 0.77 0.82 0.84 0.86 0.87 0.88 0.88 
0.00 0.29 0.48 0.59 0.65 0.70 0.72 0.74 0.75 0.76 
0.00 0.19 0.34 0.45 0.52 0.57 0.60 0.62 0.64 0.65 
0.00 0.14 0.25 0.34 0.41 0.46 0.49 0.52 0.54 0.55 
0.00 0.10 0.19 0.26 0.32 0.37 0.40 0.42 0.44 0.45 
0.00 0.07 0.14 0.20 0.25 0.29 0.32 0.34 0.36 0.37 
0.00 0.06 0.11 0.16 0.20 0.23 0.25 0.27 0.29 0.30 
0.00 0.04 0.08 0.12 0.15 0.18 0.20 0.21 0.23 0.24 
0.00 0.03 0.06 0.09 0.11 0.14 0.15 0.17 0.18 0.19 
  200, 0.001204
1.00 1.00 1.00 1.00 1.00 1.00 1.00 1.00 1.00 1.00 
0.00 0.50 0.69 0.78 0.83 0.86 0.88 0.89 0.90 0.90 
0.00 0.30 0.49 0.60 0.68 0.73 0.76 0.78 0.80 0.81 
0.00 0.20 0.36 0.47 0.55 0.61 0.65 0.68 0.70 0.72 
0.00 0.15 0.27 0.37 0.45 0.51 0.55 0.59 0.61 0.63 
0.00 0.11 0.21 0.30 0.37 0.43 0.47 0.50 0.53 0.55 
0.00 0.09 0.17 0.24 0.31 0.36 0.40 0.43 0.46 0.48 
0.00 0.07 0.14 0.20 0.25 0.30 0.34 0.37 0.39 0.41 
0.00 0.06 0.11 0.16 0.21 0.25 0.28 0.31 0.34 0.35 
0.00 0.05 0.09 0.14 0.17 0.21 0.24 0.26 0.28 0.30 
  300, 0.000804
1.00 1.00 1.00 1.00 1.00 1.00 1.00 1.00 1.00 1.00 
0.00 0.50 0.69 0.78 0.83 0.86 0.88 0.89 0.90 0.91 
0.00 0.30 0.49 0.61 0.69 0.74 0.77 0.79 0.81 0.82 
0.00 0.20 0.36 0.48 0.56 0.62 0.67 0.70 0.72 0.74 
0.00 0.15 0.28 0.39 0.47 0.53 0.58 0.61 0.64 0.66 
0.00 0.12 0.22 0.32 0.39 0.45 0.50 0.54 0.57 0.59 
0.00 0.09 0.18 0.26 0.33 0.38 0.43 0.47 0.50 0.52 
0.00 0.08 0.15 0.22 0.28 0.33 0.37 0.41 0.44 0.46 
0.00 0.06 0.13 0.18 0.24 0.28 0.32 0.35 0.38 0.41 
0.00 0.05 0.11 0.16 0.20 0.24 0.28 0.31 0.33 0.36 
  400, 0.000603
1.00 1.00 1.00 1.00 1.00 1.00 1.00 1.00 1.00 1.00 
0.00 0.50 0.69 0.79 0.84 0.87 0.88 0.90 0.91 0.92 
0.00 0.30 0.49 0.61 0.69 0.74 0.78 0.80 0.82 0.83 
0.00 0.20 0.37 0.49 0.57 0.63 0.68 0.71 0.73 0.75 
0.00 0.15 0.29 0.39 0.48 0.54 0.59 0.63 0.66 0.68 
0.00 0.12 0.23 0.32 0.40 0.46 0.51 0.55 0.58 0.61 
0.00 0.10 0.19 0.27 0.34 0.40 0.45 0.49 0.52 0.55 
0.00 0.08 0.16 0.23 0.29 0.34 0.39 0.43 0.46 0.49 
0.00 0.07 0.13 0.19 0.25 0.30 0.34 0.38 0.41 0.44 
0.00 0.06 0.11 0.17 0.22 0.26 0.30 0.33 0.36 0.39 
  500, 0.000483
1.00 1.00 1.00 1.00 1.00 1.00 1.00 1.00 1.00 1.00 
0.00 0.50 0.70 0.79 0.84 0.87 0.89 0.90 0.91 0.92 
0.00 0.30 0.49 0.62 0.69 0.74 0.78 0.80 0.82 0.84 
0.00 0.21 0.37 0.49 0.57 0.64 0.68 0.72 0.74 0.76 
0.00 0.15 0.29 0.40 0.48 0.55 0.60 0.63 0.67 0.69 
0.00 0.12 0.23 0.33 0.41 0.47 0.52 0.56 0.60 0.62 
0.00 0.10 0.19 0.27 0.35 0.41 0.46 0.50 0.53 0.56 
0.00 0.08 0.16 0.23 0.30 0.35 0.40 0.44 0.48 0.50 
0.00 0.07 0.14 0.20 0.26 0.31 0.35 0.39 0.43 0.45 
0.00 0.06 0.12 0.17 0.22 0.27 0.31 0.35 0.38 0.41 
  600, 0.000403
1.00 1.00 1.00 1.00 1.00 1.00 1.00 1.00 1.00 1.00 
0.00 0.50 0.70 0.79 0.84 0.87 0.89 0.90 0.91 0.92 
0.00 0.30 0.50 0.62 0.69 0.75 0.78 0.81 0.83 0.84 
0.00 0.21 0.37 0.49 0.58 0.64 0.69 0.72 0.75 0.77 
0.00 0.15 0.29 0.40 0.48 0.55 0.60 0.64 0.67 0.70 
0.00 0.12 0.23 0.33 0.41 0.47 0.53 0.57 0.60 0.63 
0.00 0.10 0.19 0.28 0.35 0.41 0.46 0.51 0.54 0.57 
0.00 0.08 0.16 0.24 0.30 0.36 0.41 0.45 0.49 0.52 
0.00 0.07 0.14 0.21 0.26 0.32 0.36 0.40 0.44 0.47 
0.00 0.06 0.12 0.18 0.23 0.28 0.32 0.36 0.39 0.42 
  700, 0.000345
1.00 1.00 1.00 1.00 1.00 1.00 1.00 1.00 1.00 1.00 
0.00 0.50 0.70 0.79 0.84 0.87 0.89 0.90 0.91 0.92 
0.00 0.30 0.50 0.62 0.70 0.75 0.78 0.81 0.83 0.84 
0.00 0.21 0.37 0.49 0.58 0.64 0.69 0.72 0.75 0.77 
0.00 0.15 0.29 0.40 0.49 0.55 0.60 0.64 0.68 0.70 
0.00 0.12 0.24 0.33 0.41 0.48 0.53 0.57 0.61 0.64 
0.00 0.10 0.20 0.28 0.35 0.42 0.47 0.51 0.55 0.58 
0.00 0.08 0.17 0.24 0.31 0.36 0.41 0.46 0.49 0.52 
0.00 0.07 0.14 0.21 0.27 0.32 0.37 0.41 0.45 0.48 
0.00 0.06 0.12 0.18 0.24 0.28 0.33 0.37 0.40 0.43 
  800, 0.000302
1.00 1.00 1.00 1.00 1.00 1.00 1.00 1.00 1.00 1.00 
0.00 0.50 0.70 0.79 0.84 0.87 0.89 0.90 0.91 0.92 
0.00 0.30 0.50 0.62 0.70 0.75 0.78 0.81 0.83 0.85 
0.00 0.21 0.37 0.49 0.58 0.64 0.69 0.72 0.75 0.77 
0.00 0.16 0.29 0.40 0.49 0.55 0.61 0.65 0.68 0.71 
0.00 0.12 0.24 0.33 0.41 0.48 0.53 0.58 0.61 0.64 
0.00 0.10 0.20 0.28 0.36 0.42 0.47 0.52 0.55 0.58 
0.00 0.09 0.17 0.24 0.31 0.37 0.42 0.46 0.50 0.53 
0.00 0.07 0.14 0.21 0.27 0.33 0.37 0.42 0.45 0.48 
0.00 0.06 0.13 0.19 0.24 0.29 0.33 0.37 0.41 0.44 
  900, 0.000269
1.00 1.00 1.00 1.00 1.00 1.00 1.00 1.00 1.00 1.00 
0.00 0.50 0.70 0.79 0.84 0.87 0.89 0.90 0.91 0.92 
0.00 0.30 0.50 0.62 0.70 0.75 0.79 0.81 0.83 0.85 
0.00 0.21 0.37 0.49 0.58 0.64 0.69 0.73 0.75 0.78 
0.00 0.16 0.29 0.40 0.49 0.56 0.61 0.65 0.68 0.71 
0.00 0.12 0.24 0.33 0.42 0.48 0.54 0.58 0.62 0.65 
0.00 0.10 0.20 0.28 0.36 0.42 0.48 0.52 0.56 0.59 
0.00 0.09 0.17 0.24 0.31 0.37 0.42 0.47 0.50 0.54 
0.00 0.07 0.15 0.21 0.27 0.33 0.38 0.42 0.46 0.49 
0.00 0.06 0.13 0.19 0.24 0.29 0.34 0.38 0.41 0.45 
 total: 3.538892 s
- Input parameters
steps	= 1000000
- Executing test...
time (s)= 0.328900
result	= 3.14159265
error	= 3.4e-10
